make all --print-data-base --no-builtin-variables --no-builtin-rules --question
# GNU Make 3.81
# Copyright (C) 2006  Free Software Foundation, Inc.
# This is free software; see the source for copying conditions.
# There is NO warranty; not even for MERCHANTABILITY or FITNESS FOR A
# PARTICULAR PURPOSE.

# This program built for i386-apple-darwin11.3.0

# Make data base, printed on Fri Jul 29 03:28:11 2022

# Variables

# automatic
<D = $(patsubst %/,%,$(dir $<))
# automatic
?F = $(notdir $?)
# makefile (from `.env', line 22)
DB_HOST = 127.0.0.1
# environment
ELECTRON_NO_ATTACH_CONSOLE = 1
# makefile (from `.env', line 26)
DB_PORT = 5432
# environment
LC_CTYPE = UTF-8
# environment
NVM_INC = /Users/janitrasatria/.nvm/versions/node/v16.16.0/include/node
# automatic
?D = $(patsubst %/,%,$(dir $?))
# environment
CPPFLAGS = -I/opt/homebrew/opt/openssl@1.1/include
# automatic
@D = $(patsubst %/,%,$(dir $@))
# automatic
@F = $(notdir $@)
# makefile
CURDIR := /Users/janitrasatria/Developer/go/src/Go-StarterKit-Project
# makefile
SHELL = /bin/sh
# environment
VSCODE_NLS_CONFIG = {"locale":"en-us","availableLanguages":{},"_languagePackSupport":true}
# makefile (from `.env', line 39)
MAIL_PASSWORD = 3f11a05f9d8a47
# environment
_ = /usr/bin/make
# makefile (from `.env', line 29)
DB_MAX_IDLE_CONNS = 10
# makefile (from `.env', line 3)
APP_HOST = localhost
# makefile (from `.env', line 1)
MAKEFILE_LIST :=  Makefile .env
# environment
KUBECONFIG = /Users/janitrasatria/Documents/Documents - Janitra’s MacBook Pro/Kantor/Redtech-Kubernetes/admin.config
# environment
VSCODE_AMD_ENTRYPOINT = vs/workbench/api/node/extensionHostProcess
# makefile (from `.env', line 7)
API_VERSION = v1
# environment
__CFBundleIdentifier = com.microsoft.VSCode
# environment
INFOPATH = /opt/homebrew/share/info:
# environment
VSCODE_CWD = /Users/janitrasatria/Developer/go/src/Go-StarterKit-Project
# environment
GOPROXY = https://proxy.golang.org,direct
# environment
PATH = /Users/janitrasatria/google-cloud-sdk/bin:/opt/homebrew/opt/rbenv/shims:/usr/local/mysql/bin:/opt/homebrew/opt/openssl@1.1/bin:/opt/homebrew/opt/rbenv/shims:/opt/homebrew/opt/rbenv/bin:/opt/homebrew/opt/openjdk/bin:/Users/janitrasatria/.nvm/versions/node/v16.16.0/bin:/opt/homebrew/bin:/opt/homebrew/sbin:/usr/local/bin:/usr/bin:/bin:/usr/sbin:/sbin:/usr/local/go/bin:/Library/Apple/usr/bin:/Applications/Visual Studio Code.app/Contents/Resources/app/bin:/Users/janitrasatria/Developer/go/bin:/bin
# environment
GOROOT = /opt/homebrew/Cellar/go/1.18.4/libexec
# makefile (from `.env', line 17)
DIR_LANG = lang
# environment
LSCOLORS = Gxfxcxdxbxegedabagacad
# makefile (from `.env', line 14)
LOG_ACCESS_FILENAME = access.log
# environment
GOPATH = /Users/janitrasatria/Developer/go
# environment
NVM_BIN = /Users/janitrasatria/.nvm/versions/node/v16.16.0/bin
# environment
ELECTRON_RUN_AS_NODE = 1
# environment
LDFLAGS = -L/opt/homebrew/opt/openssl@1.1/lib
# default
.FEATURES := target-specific order-only second-expansion else-if archives jobserver check-symlink
# environment
SSH_AUTH_SOCK = /private/tmp/com.apple.launchd.LkbxjYf9MR/Listeners
# automatic
%F = $(notdir $%)
# makefile (from `.env', line 36)
MAIL_HOST = smtp.mailtrap.io
# environment
HDF5_DIR = /opt/homebrew/Cellar/hdf5/1.13.0/
# makefile (from `.env', line 37)
MAIL_PORT = 2525
# environment
PWD = /Users/janitrasatria/Developer/go/src/Go-StarterKit-Project
# makefile (from `.env', line 33)
JWT_SECRET = rahasiabanget
# environment
HOMEBREW_CELLAR = /opt/homebrew/Cellar
# environment
PKG_CONFIG_PATH = /opt/homebrew/opt/openssl@1.1/lib/pkgconfig
# environment
ORIGINAL_XDG_CURRENT_DESKTOP = undefined
# environment
MANPATH = /Users/janitrasatria/.nvm/versions/node/v16.16.0/share/man:/opt/homebrew/share/man::
# environment
GOMODCACHE = /Users/janitrasatria/Developer/go/pkg/mod
# environment
HOME = /Users/janitrasatria
# default
MAKEFILEPATH := /Applications/Xcode.app/Contents/Developer/Makefiles
# environment
VSCODE_CLI = 1
# environment
VSCODE_CODE_CACHE_PATH = /Users/janitrasatria/Library/Application Support/Code/CachedData/3b889b090b5ad5793f524b5d1d39fda662b96a2a
# environment
LOGNAME = janitrasatria
# makefile (from `.env', line 11)
ENABLE_WRITE_TO_FILE_LOG = true
# environment
APPLICATION_INSIGHTS_NO_DIAGNOSTIC_CHANNEL = 1
# environment
NVM_CD_FLAGS = -q
# environment
ZSH = /Users/janitrasatria/.oh-my-zsh
# environment
VSCODE_HANDLES_UNCAUGHT_ERRORS = true
# automatic
^D = $(patsubst %/,%,$(dir $^))
# environment
XPC_FLAGS = 0x0
# environment
COLORTERM = truecolor
# default
MAKE = $(MAKE_COMMAND)
# environment
LC_TERMINAL = iTerm2
# environment
SHLVL = 3
# makefile (from `.env', line 6)
API_WRAP = api
# makefile (from `.env', line 13)
LOG_SQL_ERROR_FILENAME = sql.error.log
# default
MAKE_VERSION := 3.81
# environment
USER = janitrasatria
# makefile
.DEFAULT_GOAL := build
# default
MAKECMDGOALS := all
# environment
TERM_SESSION_ID = w0t3p0:D831212E-8D67-4834-BEC4-02A729C3F265
# makefile (from `.env', line 46)
PAGE_LIMIT = 10
# makefile (from `.env', line 21)
DB_DRIVER = pgsql
# environment
LESS = -R
# automatic
%D = $(patsubst %/,%,$(dir $%))
# default
MAKE_COMMAND := /Applications/Xcode.app/Contents/Developer/usr/bin/make
# makefile (from `.env', line 30)
DB_MAX_OPEN_CONNS = 100
# environment
TERM_PROGRAM = iTerm.app
# default
.VARIABLES := 
# environment
TMPDIR = /var/folders/zx/vn_bn40n6596n50zptf5_hfh0000gn/T/
# automatic
*F = $(notdir $*)
# environment
VSCODE_IPC_HOOK = /Users/janitrasatria/Library/Application Support/Code/1.69.2-main.sock
# makefile (from `.env', line 25)
DB_PASSWORD = janitrapanji
# environment
MallocNanoZone = 0
# makefile (from `.env', line 12)
LOG_LOCATION = logs/
# makefile
MAKEFLAGS = Rrqp
# environment
MFLAGS = -Rrqp
# automatic
*D = $(patsubst %/,%,$(dir $*))
# environment
TERM_PROGRAM_VERSION = 3.4.16
# environment
NVM_DIR = /Users/janitrasatria/.nvm
# makefile (from `.env', line 10)
ENABLE_LOG = true
# environment
XPC_SERVICE_NAME = application.com.microsoft.VSCode.37966036.37966044.8F28B160-69A4-497A-B335-09B14B5479E7
# environment
LC_TERMINAL_VERSION = 3.4.16
# environment
HOMEBREW_PREFIX = /opt/homebrew
# automatic
+D = $(patsubst %/,%,$(dir $+))
# automatic
+F = $(notdir $+)
# environment
ITERM_SESSION_ID = w0t3p0:D831212E-8D67-4834-BEC4-02A729C3F265
# makefile (from `.env', line 38)
MAIL_USERNAME = 9d36fe8b969c1e
# environment
HOMEBREW_REPOSITORY = /opt/homebrew
# environment
COLORFGBG = 15;0
# environment
__CF_USER_TEXT_ENCODING = 0x1F5:0x0:0x0
# environment
COMMAND_MODE = unix2003
# default
MAKEFILES := 
# environment
RBENV_SHELL = zsh
# environment
RUBY_CONFIGURE_OPTS = --with-openssl-dir=/opt/homebrew/opt/openssl@1.1
# automatic
<F = $(notdir $<)
# environment
ITERM_PROFILE = Default
# makefile (from `.env', line 24)
DB_USER = postgres
# environment
PAGER = less
# environment
LC_ALL = C
# automatic
^F = $(notdir $^)
# makefile (from `.env', line 23)
DB_NAME = starter-go
# default
SUFFIXES := 
# makefile (from `.env', line 2)
APP_PORT = 3000
# default
.INCLUDE_DIRS = /usr/local/include
# makefile (from `.env', line 40)
MAIL_FROM = Administrator <admin@example.com>
# environment
MAKELEVEL := 0
# environment
RBENV_ROOT = /opt/homebrew/opt/rbenv
# makefile (from `.env', line 43)
STORAGE_DIR = storages
# environment
LANG = C
# environment
TERM = xterm-256color
# environment
VSCODE_PID = 1719
# variable set hash-table stats:
# Load=122/1024=12%, Rehash=0, Collisions=13/148=9%

# Pattern-specific Variable Values

# No pattern-specific variable values.

# Directories

# . (device 16777230, inode 32092543): 23 files, no impossibilities.

# 23 files, no impossibilities in 1 directories.

# Implicit Rules

# No implicit rules.

# Files

# Not a target:
all:
#  Command-line target.
#  Implicit rule search has been done.
#  File does not exist.
#  File has not been updated.
# variable set hash-table stats:
# Load=0/32=0%, Rehash=0, Collisions=0/0=0%

# Not a target:
.SUFFIXES:
#  Implicit rule search has not been done.
#  Modification time never checked.
#  File has not been updated.

# Not a target:
Makefile:
#  Implicit rule search has been done.
#  Last modified 2022-07-29 03:25:51
#  File has been updated.
#  Successfully updated.
# variable set hash-table stats:
 
make: *** No rule to make target `all'.  Stop.

# Load=0/32=0%, Rehash=0, Collisions=0/0=0%

build:
#  Implicit rule search has not been done.
#  Modification time never checked.
#  File has not been updated.
#  commands to execute (from `Makefile', line 5):
	go build -o dist/server main.go
	cp -r templates dist/
	mkdir dist/storages
	cp .env dist/
	cp -r lang dist/lang
	

# Not a target:
.env:
#  Implicit rule search has been done.
#  Last modified 2022-07-24 23:54:15
#  File has been updated.
#  Successfully updated.
# variable set hash-table stats:
# Load=0/32=0%, Rehash=0, Collisions=0/0=0%

watch:
#  Implicit rule search has not been done.
#  Modification time never checked.
#  File has not been updated.
#  commands to execute (from `Makefile', line 18):
	reflex -s -r '\.go$$' make dev
	

dev:
#  Implicit rule search has not been done.
#  Modification time never checked.
#  File has not been updated.
#  commands to execute (from `Makefile', line 15):
	go run main.go
	

# Not a target:
.DEFAULT:
#  Implicit rule search has not been done.
#  Modification time never checked.
#  File has not been updated.

run: build
#  Implicit rule search has not been done.
#  Modification time never checked.
#  File has not been updated.
#  commands to execute (from `Makefile', line 12):
	./server
	

# files hash-table stats:
# Load=9/1024=1%, Rehash=0, Collisions=0/23=0%
# VPATH Search Paths

# No `vpath' search paths.

# No general (`VPATH' variable) search path.

# # of strings in strcache: 2
# # of strcache buffers: 1
# strcache size: total = 4096 / max = 4096 / min = 4096 / avg = 4096
# strcache free: total = 4082 / max = 4082 / min = 4082 / avg = 4082

# Finished Make data base on Fri Jul 29 03:28:11 2022

 
